<?xml version="1.0" encoding="UTF-8"?>
<!-- Generated by org.testng.reporters.JUnitReportReporter -->
<testsuite skipped="0" hostname="Infva05986" name="day6.FirstNG" tests="1" failures="0" timestamp="18 Sep 2019 22:36:36 GMT" time="18.056" errors="0">
  <testcase name="f" time="18.056" classname="day6.FirstNG"/>
</testsuite> <!-- day6.FirstNG -->
